{"/Users/antoine/Projects/livecampus/Sujet-CD_Audio/server/Controllers/cdController.js": {"path":"/Users/antoine/Projects/livecampus/Sujet-CD_Audio/server/Controllers/cdController.js","statementMap":{"0":{"start":{"line":1,"column":13},"end":{"line":1,"column":37}},"1":{"start":{"line":4,"column":0},"end":{"line":11,"column":2}},"2":{"start":{"line":5,"column":2},"end":{"line":10,"column":3}},"3":{"start":{"line":6,"column":19},"end":{"line":6,"column":72}},"4":{"start":{"line":7,"column":4},"end":{"line":7,"column":26}},"5":{"start":{"line":9,"column":4},"end":{"line":9,"column":51}},"6":{"start":{"line":14,"column":0},"end":{"line":25,"column":2}},"7":{"start":{"line":15,"column":34},"end":{"line":15,"column":42}},"8":{"start":{"line":16,"column":2},"end":{"line":24,"column":3}},"9":{"start":{"line":17,"column":19},"end":{"line":20,"column":5}},"10":{"start":{"line":21,"column":4},"end":{"line":21,"column":41}},"11":{"start":{"line":23,"column":4},"end":{"line":23,"column":51}},"12":{"start":{"line":28,"column":0},"end":{"line":36,"column":2}},"13":{"start":{"line":29,"column":17},"end":{"line":29,"column":27}},"14":{"start":{"line":30,"column":2},"end":{"line":35,"column":3}},"15":{"start":{"line":31,"column":4},"end":{"line":31,"column":60}},"16":{"start":{"line":32,"column":4},"end":{"line":32,"column":27}},"17":{"start":{"line":34,"column":4},"end":{"line":34,"column":51}}},"fnMap":{"0":{"name":"(anonymous_0)","decl":{"start":{"line":4,"column":20},"end":{"line":4,"column":21}},"loc":{"start":{"line":4,"column":40},"end":{"line":11,"column":1}},"line":4},"1":{"name":"(anonymous_1)","decl":{"start":{"line":14,"column":16},"end":{"line":14,"column":17}},"loc":{"start":{"line":14,"column":36},"end":{"line":25,"column":1}},"line":14},"2":{"name":"(anonymous_2)","decl":{"start":{"line":28,"column":19},"end":{"line":28,"column":20}},"loc":{"start":{"line":28,"column":39},"end":{"line":36,"column":1}},"line":28}},"branchMap":{},"s":{"0":3,"1":3,"2":10,"3":10,"4":8,"5":2,"6":3,"7":13,"8":13,"9":13,"10":10,"11":3,"12":3,"13":9,"14":9,"15":9,"16":6,"17":3},"f":{"0":10,"1":13,"2":9},"b":{},"_coverageSchema":"1a1c01bbd47fc00a2c39e90264f33305004495a9","hash":"e08e38e1104d4450f11f5d940ee75e91e2337393"}
,"/Users/antoine/Projects/livecampus/Sujet-CD_Audio/server/Routes/cdRoutes.js": {"path":"/Users/antoine/Projects/livecampus/Sujet-CD_Audio/server/Routes/cdRoutes.js","statementMap":{"0":{"start":{"line":1,"column":16},"end":{"line":1,"column":34}},"1":{"start":{"line":2,"column":15},"end":{"line":2,"column":31}},"2":{"start":{"line":3,"column":21},"end":{"line":3,"column":59}},"3":{"start":{"line":5,"column":0},"end":{"line":5,"column":43}},"4":{"start":{"line":6,"column":0},"end":{"line":6,"column":40}},"5":{"start":{"line":7,"column":0},"end":{"line":7,"column":49}},"6":{"start":{"line":9,"column":0},"end":{"line":9,"column":24}}},"fnMap":{},"branchMap":{},"s":{"0":2,"1":2,"2":2,"3":2,"4":2,"5":2,"6":2},"f":{},"b":{},"_coverageSchema":"1a1c01bbd47fc00a2c39e90264f33305004495a9","hash":"a32d8fcd8851eff2e6f754a12b47a19f0cda40ef"}
,"/Users/antoine/Projects/livecampus/Sujet-CD_Audio/server/configs/db.js": {"path":"/Users/antoine/Projects/livecampus/Sujet-CD_Audio/server/configs/db.js","statementMap":{"0":{"start":{"line":1,"column":0},"end":{"line":1,"column":27}},"1":{"start":{"line":2,"column":17},"end":{"line":2,"column":30}},"2":{"start":{"line":5,"column":0},"end":{"line":20,"column":1}},"3":{"start":{"line":6,"column":4},"end":{"line":15,"column":6}},"4":{"start":{"line":18,"column":4},"end":{"line":18,"column":20}},"5":{"start":{"line":19,"column":4},"end":{"line":19,"column":19}},"6":{"start":{"line":23,"column":0},"end":{"line":23,"column":22}}},"fnMap":{},"branchMap":{"0":{"loc":{"start":{"line":6,"column":20},"end":{"line":14,"column":9}},"type":"cond-expr","locations":[{"start":{"line":7,"column":10},"end":{"line":7,"column":47}},{"start":{"line":8,"column":10},"end":{"line":14,"column":9}}],"line":6},"1":{"loc":{"start":{"line":9,"column":18},"end":{"line":9,"column":47}},"type":"binary-expr","locations":[{"start":{"line":9,"column":18},"end":{"line":9,"column":37}},{"start":{"line":9,"column":41},"end":{"line":9,"column":47}}],"line":9},"2":{"loc":{"start":{"line":10,"column":18},"end":{"line":10,"column":52}},"type":"binary-expr","locations":[{"start":{"line":10,"column":18},"end":{"line":10,"column":37}},{"start":{"line":10,"column":41},"end":{"line":10,"column":52}}],"line":10},"3":{"loc":{"start":{"line":11,"column":22},"end":{"line":11,"column":58}},"type":"binary-expr","locations":[{"start":{"line":11,"column":22},"end":{"line":11,"column":41}},{"start":{"line":11,"column":45},"end":{"line":11,"column":58}}],"line":11},"4":{"loc":{"start":{"line":12,"column":22},"end":{"line":12,"column":59}},"type":"binary-expr","locations":[{"start":{"line":12,"column":22},"end":{"line":12,"column":45}},{"start":{"line":12,"column":49},"end":{"line":12,"column":59}}],"line":12},"5":{"loc":{"start":{"line":13,"column":18},"end":{"line":13,"column":45}},"type":"binary-expr","locations":[{"start":{"line":13,"column":18},"end":{"line":13,"column":37}},{"start":{"line":13,"column":41},"end":{"line":13,"column":45}}],"line":13}},"s":{"0":2,"1":2,"2":2,"3":2,"4":0,"5":0,"6":2},"f":{},"b":{"0":[0,2],"1":[2,0],"2":[2,0],"3":[2,0],"4":[2,0],"5":[2,0]},"_coverageSchema":"1a1c01bbd47fc00a2c39e90264f33305004495a9","hash":"22f935c458483c5cabcd69738987715621bc6808"}
}
