TN:
SF:Controllers/cdController.js
FN:4,(anonymous_0)
FN:14,(anonymous_1)
FN:28,(anonymous_2)
FNF:3
FNH:3
FNDA:10,(anonymous_0)
FNDA:13,(anonymous_1)
FNDA:9,(anonymous_2)
DA:1,3
DA:4,3
DA:5,10
DA:6,10
DA:7,8
DA:9,2
DA:14,3
DA:15,13
DA:16,13
DA:17,13
DA:21,10
DA:23,3
DA:28,3
DA:29,9
DA:30,9
DA:31,9
DA:32,6
DA:34,3
LF:18
LH:18
BRF:0
BRH:0
end_of_record
TN:
SF:Routes/cdRoutes.js
FNF:0
FNH:0
DA:1,2
DA:2,2
DA:3,2
DA:5,2
DA:6,2
DA:7,2
DA:9,2
LF:7
LH:7
BRF:0
BRH:0
end_of_record
TN:
SF:configs/db.js
FNF:0
FNH:0
DA:1,2
DA:2,2
DA:5,2
DA:6,2
DA:18,0
DA:19,0
DA:23,2
LF:7
LH:5
BRDA:6,0,0,0
BRDA:6,0,1,2
BRDA:9,1,0,2
BRDA:9,1,1,0
BRDA:10,2,0,2
BRDA:10,2,1,0
BRDA:11,3,0,2
BRDA:11,3,1,0
BRDA:12,4,0,2
BRDA:12,4,1,0
BRDA:13,5,0,2
BRDA:13,5,1,0
BRF:12
BRH:6
end_of_record
