<?xml version="1.0" encoding="UTF-8"?>
<coverage generated="1770915189126" clover="3.2.0">
  <project timestamp="1770915189126" name="All files">
    <metrics statements="47" coveredstatements="42" conditionals="9" coveredconditionals="7" methods="16" coveredmethods="13" elements="72" coveredelements="62" complexity="0" loc="47" ncloc="47" packages="4" files="6" classes="6"/>
    <package name="src">
      <metrics statements="2" coveredstatements="0" conditionals="0" coveredconditionals="0" methods="1" coveredmethods="0"/>
      <file name="App.jsx" path="/Users/antoine/Projects/livecampus/Sujet-CD_Audio/client/src/App.jsx">
        <metrics statements="2" coveredstatements="0" conditionals="0" coveredconditionals="0" methods="1" coveredmethods="0"/>
        <line num="4" count="0" type="stmt"/>
        <line num="5" count="0" type="stmt"/>
      </file>
    </package>
    <package name="src.components">
      <metrics statements="33" coveredstatements="33" conditionals="7" coveredconditionals="6" methods="10" coveredmethods="10"/>
      <file name="AddCD.jsx" path="/Users/antoine/Projects/livecampus/Sujet-CD_Audio/client/src/components/AddCD.jsx">
        <metrics statements="13" coveredstatements="13" conditionals="5" coveredconditionals="4" methods="3" coveredmethods="3"/>
        <line num="4" count="1" type="stmt"/>
        <line num="5" count="167" type="stmt"/>
        <line num="7" count="167" type="stmt"/>
        <line num="8" count="145" type="stmt"/>
        <line num="11" count="167" type="stmt"/>
        <line num="12" count="4" type="stmt"/>
        <line num="13" count="4" type="cond" truecount="4" falsecount="1"/>
        <line num="15" count="4" type="stmt"/>
        <line num="16" count="4" type="stmt"/>
        <line num="17" count="3" type="stmt"/>
        <line num="18" count="3" type="stmt"/>
        <line num="20" count="1" type="stmt"/>
        <line num="24" count="167" type="stmt"/>
      </file>
      <file name="CDItem.jsx" path="/Users/antoine/Projects/livecampus/Sujet-CD_Audio/client/src/components/CDItem.jsx">
        <metrics statements="4" coveredstatements="4" conditionals="0" coveredconditionals="0" methods="2" coveredmethods="2"/>
        <line num="3" count="2" type="stmt"/>
        <line num="4" count="33" type="stmt"/>
        <line num="7" count="9" type="stmt"/>
        <line num="12" count="2" type="stmt"/>
      </file>
      <file name="CDList.jsx" path="/Users/antoine/Projects/livecampus/Sujet-CD_Audio/client/src/components/CDList.jsx">
        <metrics statements="16" coveredstatements="16" conditionals="2" coveredconditionals="2" methods="5" coveredmethods="5"/>
        <line num="5" count="1" type="stmt"/>
        <line num="6" count="35" type="stmt"/>
        <line num="8" count="35" type="stmt"/>
        <line num="9" count="17" type="stmt"/>
        <line num="12" count="35" type="stmt"/>
        <line num="13" count="21" type="stmt"/>
        <line num="14" count="21" type="stmt"/>
        <line num="15" count="20" type="stmt"/>
        <line num="17" count="1" type="stmt"/>
        <line num="21" count="35" type="stmt"/>
        <line num="22" count="5" type="stmt"/>
        <line num="23" count="5" type="stmt"/>
        <line num="24" count="4" type="stmt"/>
        <line num="26" count="1" type="stmt"/>
        <line num="30" count="35" type="stmt"/>
        <line num="35" count="25" type="stmt"/>
      </file>
    </package>
    <package name="src.pages">
      <metrics statements="3" coveredstatements="0" conditionals="0" coveredconditionals="0" methods="2" coveredmethods="0"/>
      <file name="Home.jsx" path="/Users/antoine/Projects/livecampus/Sujet-CD_Audio/client/src/pages/Home.jsx">
        <metrics statements="3" coveredstatements="0" conditionals="0" coveredconditionals="0" methods="2" coveredmethods="0"/>
        <line num="4" count="0" type="stmt"/>
        <line num="5" count="0" type="stmt"/>
        <line num="8" count="0" type="stmt"/>
      </file>
    </package>
    <package name="src.services">
      <metrics statements="9" coveredstatements="9" conditionals="2" coveredconditionals="1" methods="3" coveredmethods="3"/>
      <file name="cdService.js" path="/Users/antoine/Projects/livecampus/Sujet-CD_Audio/client/src/services/cdService.js">
        <metrics statements="9" coveredstatements="9" conditionals="2" coveredconditionals="1" methods="3" coveredmethods="3"/>
        <line num="3" count="1" type="cond" truecount="1" falsecount="1"/>
        <line num="5" count="1" type="stmt"/>
        <line num="6" count="7" type="stmt"/>
        <line num="7" count="4" type="stmt"/>
        <line num="10" count="1" type="stmt"/>
        <line num="11" count="7" type="stmt"/>
        <line num="12" count="4" type="stmt"/>
        <line num="15" count="1" type="stmt"/>
        <line num="16" count="7" type="stmt"/>
      </file>
    </package>
  </project>
</coverage>
