{"/Users/antoine/Projects/livecampus/Sujet-CD_Audio/client/src/App.jsx": {"path":"/Users/antoine/Projects/livecampus/Sujet-CD_Audio/client/src/App.jsx","statementMap":{"0":{"start":{"line":4,"column":12},"end":{"line":14,"column":1}},"1":{"start":{"line":5,"column":2},"end":{"line":13,"column":4}}},"fnMap":{"0":{"name":"(anonymous_0)","decl":{"start":{"line":4,"column":12},"end":{"line":4,"column":13}},"loc":{"start":{"line":4,"column":18},"end":{"line":14,"column":1}},"line":4}},"branchMap":{},"s":{"0":0,"1":0},"f":{"0":0},"b":{}}
,"/Users/antoine/Projects/livecampus/Sujet-CD_Audio/client/src/components/AddCD.jsx": {"path":"/Users/antoine/Projects/livecampus/Sujet-CD_Audio/client/src/components/AddCD.jsx","statementMap":{"0":{"start":{"line":4,"column":14},"end":{"line":35,"column":1}},"1":{"start":{"line":5,"column":26},"end":{"line":5,"column":71}},"2":{"start":{"line":7,"column":23},"end":{"line":9,"column":3}},"3":{"start":{"line":8,"column":4},"end":{"line":8,"column":58}},"4":{"start":{"line":11,"column":23},"end":{"line":22,"column":3}},"5":{"start":{"line":12,"column":4},"end":{"line":12,"column":23}},"6":{"start":{"line":13,"column":4},"end":{"line":13,"column":58}},"7":{"start":{"line":13,"column":51},"end":{"line":13,"column":58}},"8":{"start":{"line":15,"column":4},"end":{"line":21,"column":5}},"9":{"start":{"line":16,"column":6},"end":{"line":16,"column":24}},"10":{"start":{"line":17,"column":6},"end":{"line":17,"column":14}},"11":{"start":{"line":18,"column":6},"end":{"line":18,"column":51}},"12":{"start":{"line":20,"column":6},"end":{"line":20,"column":61}},"13":{"start":{"line":24,"column":2},"end":{"line":34,"column":4}}},"fnMap":{"0":{"name":"(anonymous_0)","decl":{"start":{"line":4,"column":14},"end":{"line":4,"column":15}},"loc":{"start":{"line":4,"column":29},"end":{"line":35,"column":1}},"line":4},"1":{"name":"(anonymous_1)","decl":{"start":{"line":7,"column":23},"end":{"line":7,"column":24}},"loc":{"start":{"line":7,"column":30},"end":{"line":9,"column":3}},"line":7},"2":{"name":"(anonymous_2)","decl":{"start":{"line":11,"column":23},"end":{"line":11,"column":24}},"loc":{"start":{"line":11,"column":36},"end":{"line":22,"column":3}},"line":11}},"branchMap":{"0":{"loc":{"start":{"line":13,"column":4},"end":{"line":13,"column":58}},"type":"if","locations":[{"start":{"line":13,"column":4},"end":{"line":13,"column":58}},{"start":{},"end":{}}],"line":13},"1":{"loc":{"start":{"line":13,"column":8},"end":{"line":13,"column":49}},"type":"binary-expr","locations":[{"start":{"line":13,"column":8},"end":{"line":13,"column":19}},{"start":{"line":13,"column":23},"end":{"line":13,"column":35}},{"start":{"line":13,"column":39},"end":{"line":13,"column":49}}],"line":13}},"s":{"0":1,"1":167,"2":167,"3":145,"4":167,"5":4,"6":4,"7":0,"8":4,"9":4,"10":3,"11":3,"12":1,"13":167},"f":{"0":167,"1":145,"2":4},"b":{"0":[0,4],"1":[4,4,4]},"_coverageSchema":"1a1c01bbd47fc00a2c39e90264f33305004495a9","hash":"936aaf3968e65196a24d30206b5b37108cd64b96"}
,"/Users/antoine/Projects/livecampus/Sujet-CD_Audio/client/src/components/CDItem.jsx": {"path":"/Users/antoine/Projects/livecampus/Sujet-CD_Audio/client/src/components/CDItem.jsx","statementMap":{"0":{"start":{"line":3,"column":15},"end":{"line":10,"column":1}},"1":{"start":{"line":4,"column":2},"end":{"line":9,"column":4}},"2":{"start":{"line":7,"column":52},"end":{"line":7,"column":67}},"3":{"start":{"line":12,"column":0},"end":{"line":15,"column":2}}},"fnMap":{"0":{"name":"(anonymous_0)","decl":{"start":{"line":3,"column":15},"end":{"line":3,"column":16}},"loc":{"start":{"line":3,"column":37},"end":{"line":10,"column":1}},"line":3},"1":{"name":"(anonymous_1)","decl":{"start":{"line":7,"column":46},"end":{"line":7,"column":47}},"loc":{"start":{"line":7,"column":52},"end":{"line":7,"column":67}},"line":7}},"branchMap":{},"s":{"0":2,"1":33,"2":9,"3":2},"f":{"0":33,"1":9},"b":{},"_coverageSchema":"1a1c01bbd47fc00a2c39e90264f33305004495a9","hash":"d7da4fbaff67cc8911cb9cfd0a7aff30e8322842"}
,"/Users/antoine/Projects/livecampus/Sujet-CD_Audio/client/src/components/CDList.jsx": {"path":"/Users/antoine/Projects/livecampus/Sujet-CD_Audio/client/src/components/CDList.jsx","statementMap":{"0":{"start":{"line":5,"column":15},"end":{"line":42,"column":1}},"1":{"start":{"line":6,"column":24},"end":{"line":6,"column":36}},"2":{"start":{"line":8,"column":2},"end":{"line":10,"column":9}},"3":{"start":{"line":9,"column":4},"end":{"line":9,"column":15}},"4":{"start":{"line":12,"column":19},"end":{"line":19,"column":3}},"5":{"start":{"line":13,"column":4},"end":{"line":18,"column":5}},"6":{"start":{"line":14,"column":19},"end":{"line":14,"column":33}},"7":{"start":{"line":15,"column":6},"end":{"line":15,"column":19}},"8":{"start":{"line":17,"column":6},"end":{"line":17,"column":65}},"9":{"start":{"line":21,"column":23},"end":{"line":28,"column":3}},"10":{"start":{"line":22,"column":4},"end":{"line":27,"column":5}},"11":{"start":{"line":23,"column":6},"end":{"line":23,"column":25}},"12":{"start":{"line":24,"column":6},"end":{"line":24,"column":17}},"13":{"start":{"line":26,"column":6},"end":{"line":26,"column":61}},"14":{"start":{"line":30,"column":2},"end":{"line":41,"column":4}},"15":{"start":{"line":35,"column":26},"end":{"line":35,"column":80}}},"fnMap":{"0":{"name":"(anonymous_0)","decl":{"start":{"line":5,"column":15},"end":{"line":5,"column":16}},"loc":{"start":{"line":5,"column":21},"end":{"line":42,"column":1}},"line":5},"1":{"name":"(anonymous_1)","decl":{"start":{"line":8,"column":12},"end":{"line":8,"column":13}},"loc":{"start":{"line":8,"column":18},"end":{"line":10,"column":3}},"line":8},"2":{"name":"(anonymous_2)","decl":{"start":{"line":12,"column":19},"end":{"line":12,"column":20}},"loc":{"start":{"line":12,"column":31},"end":{"line":19,"column":3}},"line":12},"3":{"name":"(anonymous_3)","decl":{"start":{"line":21,"column":23},"end":{"line":21,"column":24}},"loc":{"start":{"line":21,"column":37},"end":{"line":28,"column":3}},"line":21},"4":{"name":"(anonymous_4)","decl":{"start":{"line":35,"column":18},"end":{"line":35,"column":19}},"loc":{"start":{"line":35,"column":26},"end":{"line":35,"column":80}},"line":35}},"branchMap":{"0":{"loc":{"start":{"line":34,"column":9},"end":{"line":38,"column":9}},"type":"cond-expr","locations":[{"start":{"line":35,"column":10},"end":{"line":35,"column":81}},{"start":{"line":37,"column":10},"end":{"line":37,"column":36}}],"line":34}},"s":{"0":1,"1":35,"2":35,"3":17,"4":35,"5":21,"6":21,"7":20,"8":1,"9":35,"10":5,"11":5,"12":4,"13":1,"14":35,"15":25},"f":{"0":35,"1":17,"2":21,"3":5,"4":25},"b":{"0":[15,20]},"_coverageSchema":"1a1c01bbd47fc00a2c39e90264f33305004495a9","hash":"61823b6ecb774934524368466806c078c681f2f9"}
,"/Users/antoine/Projects/livecampus/Sujet-CD_Audio/client/src/pages/Home.jsx": {"path":"/Users/antoine/Projects/livecampus/Sujet-CD_Audio/client/src/pages/Home.jsx","statementMap":{"0":{"start":{"line":4,"column":13},"end":{"line":12,"column":1}},"1":{"start":{"line":5,"column":2},"end":{"line":11,"column":4}},"2":{"start":{"line":8,"column":26},"end":{"line":8,"column":50}}},"fnMap":{"0":{"name":"(anonymous_0)","decl":{"start":{"line":4,"column":13},"end":{"line":4,"column":14}},"loc":{"start":{"line":4,"column":19},"end":{"line":12,"column":1}},"line":4},"1":{"name":"(anonymous_1)","decl":{"start":{"line":8,"column":20},"end":{"line":8,"column":21}},"loc":{"start":{"line":8,"column":26},"end":{"line":8,"column":50}},"line":8}},"branchMap":{},"s":{"0":0,"1":0,"2":0},"f":{"0":0,"1":0},"b":{}}
,"/Users/antoine/Projects/livecampus/Sujet-CD_Audio/client/src/services/cdService.js": {"path":"/Users/antoine/Projects/livecampus/Sujet-CD_Audio/client/src/services/cdService.js","statementMap":{"0":{"start":{"line":3,"column":16},"end":{"line":3,"column":58}},"1":{"start":{"line":5,"column":22},"end":{"line":8,"column":1}},"2":{"start":{"line":6,"column":19},"end":{"line":6,"column":43}},"3":{"start":{"line":7,"column":2},"end":{"line":7,"column":23}},"4":{"start":{"line":10,"column":21},"end":{"line":13,"column":1}},"5":{"start":{"line":11,"column":19},"end":{"line":11,"column":48}},"6":{"start":{"line":12,"column":2},"end":{"line":12,"column":23}},"7":{"start":{"line":15,"column":24},"end":{"line":17,"column":1}},"8":{"start":{"line":16,"column":2},"end":{"line":16,"column":41}}},"fnMap":{"0":{"name":"(anonymous_0)","decl":{"start":{"line":5,"column":22},"end":{"line":5,"column":23}},"loc":{"start":{"line":5,"column":34},"end":{"line":8,"column":1}},"line":5},"1":{"name":"(anonymous_1)","decl":{"start":{"line":10,"column":21},"end":{"line":10,"column":22}},"loc":{"start":{"line":10,"column":35},"end":{"line":13,"column":1}},"line":10},"2":{"name":"(anonymous_2)","decl":{"start":{"line":15,"column":24},"end":{"line":15,"column":25}},"loc":{"start":{"line":15,"column":38},"end":{"line":17,"column":1}},"line":15}},"branchMap":{"0":{"loc":{"start":{"line":3,"column":16},"end":{"line":3,"column":58}},"type":"binary-expr","locations":[{"start":{"line":3,"column":16},"end":{"line":3,"column":44}},{"start":{"line":3,"column":48},"end":{"line":3,"column":58}}],"line":3}},"s":{"0":1,"1":1,"2":7,"3":4,"4":1,"5":7,"6":4,"7":1,"8":7},"f":{"0":7,"1":7,"2":7},"b":{"0":[1,0]},"_coverageSchema":"1a1c01bbd47fc00a2c39e90264f33305004495a9","hash":"75ec53eaffe622a36c23586ba20fc69ddcc0f44f"}
}
