TN:
SF:src/App.jsx
FN:4,(anonymous_0)
FNF:1
FNH:0
FNDA:0,(anonymous_0)
DA:4,0
DA:5,0
LF:2
LH:0
BRF:0
BRH:0
end_of_record
TN:
SF:src/components/AddCD.jsx
FN:4,(anonymous_0)
FN:7,(anonymous_1)
FN:11,(anonymous_2)
FNF:3
FNH:3
FNDA:167,(anonymous_0)
FNDA:145,(anonymous_1)
FNDA:4,(anonymous_2)
DA:4,1
DA:5,167
DA:7,167
DA:8,145
DA:11,167
DA:12,4
DA:13,4
DA:15,4
DA:16,4
DA:17,3
DA:18,3
DA:20,1
DA:24,167
LF:13
LH:13
BRDA:13,0,0,0
BRDA:13,0,1,4
BRDA:13,1,0,4
BRDA:13,1,1,4
BRDA:13,1,2,4
BRF:5
BRH:4
end_of_record
TN:
SF:src/components/CDItem.jsx
FN:3,(anonymous_0)
FN:7,(anonymous_1)
FNF:2
FNH:2
FNDA:33,(anonymous_0)
FNDA:9,(anonymous_1)
DA:3,2
DA:4,33
DA:7,9
DA:12,2
LF:4
LH:4
BRF:0
BRH:0
end_of_record
TN:
SF:src/components/CDList.jsx
FN:5,(anonymous_0)
FN:8,(anonymous_1)
FN:12,(anonymous_2)
FN:21,(anonymous_3)
FN:35,(anonymous_4)
FNF:5
FNH:5
FNDA:35,(anonymous_0)
FNDA:17,(anonymous_1)
FNDA:21,(anonymous_2)
FNDA:5,(anonymous_3)
FNDA:25,(anonymous_4)
DA:5,1
DA:6,35
DA:8,35
DA:9,17
DA:12,35
DA:13,21
DA:14,21
DA:15,20
DA:17,1
DA:21,35
DA:22,5
DA:23,5
DA:24,4
DA:26,1
DA:30,35
DA:35,25
LF:16
LH:16
BRDA:34,0,0,15
BRDA:34,0,1,20
BRF:2
BRH:2
end_of_record
TN:
SF:src/pages/Home.jsx
FN:4,(anonymous_0)
FN:8,(anonymous_1)
FNF:2
FNH:0
FNDA:0,(anonymous_0)
FNDA:0,(anonymous_1)
DA:4,0
DA:5,0
DA:8,0
LF:3
LH:0
BRF:0
BRH:0
end_of_record
TN:
SF:src/services/cdService.js
FN:5,(anonymous_0)
FN:10,(anonymous_1)
FN:15,(anonymous_2)
FNF:3
FNH:3
FNDA:7,(anonymous_0)
FNDA:7,(anonymous_1)
FNDA:7,(anonymous_2)
DA:3,1
DA:5,1
DA:6,7
DA:7,4
DA:10,1
DA:11,7
DA:12,4
DA:15,1
DA:16,7
LF:9
LH:9
BRDA:3,0,0,1
BRDA:3,0,1,0
BRF:2
BRH:1
end_of_record
